<?xml version="1.0" encoding="UTF-8"?>
<testsuite name="com.walker.matthew.springboot.rpm.DemoApplicationTests" tests="1" skipped="0" failures="0" errors="0" timestamp="2016-08-04T09:55:10" hostname="OSTML0253700" time="0.013">
  <properties/>
  <testcase name="contextLoads" classname="com.walker.matthew.springboot.rpm.DemoApplicationTests" time="0.013"/>
  <system-out><![CDATA[10:55:08.474 [Test worker] DEBUG org.springframework.test.context.junit4.SpringJUnit4ClassRunner - SpringJUnit4ClassRunner constructor called with [class com.walker.matthew.springboot.rpm.DemoApplicationTests]
10:55:08.479 [Test worker] DEBUG org.springframework.test.context.BootstrapUtils - Instantiating CacheAwareContextLoaderDelegate from class [org.springframework.test.context.cache.DefaultCacheAwareContextLoaderDelegate]
10:55:08.485 [Test worker] DEBUG org.springframework.test.context.BootstrapUtils - Instantiating BootstrapContext using constructor [public org.springframework.test.context.support.DefaultBootstrapContext(java.lang.Class,org.springframework.test.context.CacheAwareContextLoaderDelegate)]
10:55:08.499 [Test worker] DEBUG org.springframework.test.context.BootstrapUtils - Instantiating TestContextBootstrapper for test class [com.walker.matthew.springboot.rpm.DemoApplicationTests] from class [org.springframework.boot.test.context.SpringBootTestContextBootstrapper]
10:55:08.510 [Test worker] INFO org.springframework.boot.test.context.SpringBootTestContextBootstrapper - Neither @ContextConfiguration nor @ContextHierarchy found for test class [com.walker.matthew.springboot.rpm.DemoApplicationTests], using SpringBootContextLoader
10:55:08.512 [Test worker] DEBUG org.springframework.test.context.support.AbstractContextLoader - Did not detect default resource location for test class [com.walker.matthew.springboot.rpm.DemoApplicationTests]: class path resource [com/walker/matthew/springboot/rpm/DemoApplicationTests-context.xml] does not exist
10:55:08.513 [Test worker] DEBUG org.springframework.test.context.support.AbstractContextLoader - Did not detect default resource location for test class [com.walker.matthew.springboot.rpm.DemoApplicationTests]: class path resource [com/walker/matthew/springboot/rpm/DemoApplicationTestsContext.groovy] does not exist
10:55:08.513 [Test worker] INFO org.springframework.test.context.support.AbstractContextLoader - Could not detect default resource locations for test class [com.walker.matthew.springboot.rpm.DemoApplicationTests]: no resource found for suffixes {-context.xml, Context.groovy}.
10:55:08.513 [Test worker] INFO org.springframework.test.context.support.AnnotationConfigContextLoaderUtils - Could not detect default configuration classes for test class [com.walker.matthew.springboot.rpm.DemoApplicationTests]: DemoApplicationTests does not declare any static, non-private, non-final, nested classes annotated with @Configuration.
10:55:08.544 [Test worker] DEBUG org.springframework.test.context.support.ActiveProfilesUtils - Could not find an 'annotation declaring class' for annotation type [org.springframework.test.context.ActiveProfiles] and class [com.walker.matthew.springboot.rpm.DemoApplicationTests]
10:55:08.577 [Test worker] DEBUG org.springframework.core.env.StandardEnvironment - Adding [systemProperties] PropertySource with lowest search precedence
10:55:08.578 [Test worker] DEBUG org.springframework.core.env.StandardEnvironment - Adding [systemEnvironment] PropertySource with lowest search precedence
10:55:08.578 [Test worker] DEBUG org.springframework.core.env.StandardEnvironment - Initialized StandardEnvironment with PropertySources [systemProperties,systemEnvironment]
10:55:08.586 [Test worker] DEBUG org.springframework.core.io.support.PathMatchingResourcePatternResolver - Resolved classpath location [com/walker/matthew/springboot/rpm/] to resources [URL [file:/Users/mwa51/Development/Learning/SpringBootRPM/build/classes/test/com/walker/matthew/springboot/rpm/], URL [file:/Users/mwa51/Development/Learning/SpringBootRPM/build/classes/main/com/walker/matthew/springboot/rpm/]]
10:55:08.586 [Test worker] DEBUG org.springframework.core.io.support.PathMatchingResourcePatternResolver - Looking for matching resources in directory tree [/Users/mwa51/Development/Learning/SpringBootRPM/build/classes/test/com/walker/matthew/springboot/rpm]
10:55:08.586 [Test worker] DEBUG org.springframework.core.io.support.PathMatchingResourcePatternResolver - Searching directory [/Users/mwa51/Development/Learning/SpringBootRPM/build/classes/test/com/walker/matthew/springboot/rpm] for files matching pattern [/Users/mwa51/Development/Learning/SpringBootRPM/build/classes/test/com/walker/matthew/springboot/rpm/*.class]
10:55:08.588 [Test worker] DEBUG org.springframework.core.io.support.PathMatchingResourcePatternResolver - Looking for matching resources in directory tree [/Users/mwa51/Development/Learning/SpringBootRPM/build/classes/main/com/walker/matthew/springboot/rpm]
10:55:08.589 [Test worker] DEBUG org.springframework.core.io.support.PathMatchingResourcePatternResolver - Searching directory [/Users/mwa51/Development/Learning/SpringBootRPM/build/classes/main/com/walker/matthew/springboot/rpm] for files matching pattern [/Users/mwa51/Development/Learning/SpringBootRPM/build/classes/main/com/walker/matthew/springboot/rpm/*.class]
10:55:08.589 [Test worker] DEBUG org.springframework.core.io.support.PathMatchingResourcePatternResolver - Resolved location pattern [classpath*:com/walker/matthew/springboot/rpm/*.class] to resources [file [/Users/mwa51/Development/Learning/SpringBootRPM/build/classes/test/com/walker/matthew/springboot/rpm/DemoApplicationTests.class], file [/Users/mwa51/Development/Learning/SpringBootRPM/build/classes/main/com/walker/matthew/springboot/rpm/SpringBootRPMApplication.class]]
10:55:08.631 [Test worker] DEBUG org.springframework.context.annotation.ClassPathScanningCandidateComponentProvider - Identified candidate component class: file [/Users/mwa51/Development/Learning/SpringBootRPM/build/classes/main/com/walker/matthew/springboot/rpm/SpringBootRPMApplication.class]
10:55:08.631 [Test worker] INFO org.springframework.boot.test.context.SpringBootTestContextBootstrapper - Found @SpringBootConfiguration com.walker.matthew.springboot.rpm.SpringBootRPMApplication for test class com.walker.matthew.springboot.rpm.DemoApplicationTests
10:55:08.634 [Test worker] DEBUG org.springframework.boot.test.context.SpringBootTestContextBootstrapper - @TestExecutionListeners is not present for class [com.walker.matthew.springboot.rpm.DemoApplicationTests]: using defaults.
10:55:08.637 [Test worker] INFO org.springframework.boot.test.context.SpringBootTestContextBootstrapper - Loaded default TestExecutionListener class names from location [META-INF/spring.factories]: [org.springframework.boot.test.mock.mockito.MockitoTestExecutionListener, org.springframework.boot.test.mock.mockito.ResetMocksTestExecutionListener, org.springframework.boot.test.autoconfigure.AutoConfigureReportTestExecutionListener, org.springframework.boot.test.autoconfigure.restdocs.RestDocsTestExecutionListener, org.springframework.boot.test.autoconfigure.web.client.MockRestServiceServerResetTestExecutionListener, org.springframework.test.context.web.ServletTestExecutionListener, org.springframework.test.context.support.DirtiesContextBeforeModesTestExecutionListener, org.springframework.test.context.support.DependencyInjectionTestExecutionListener, org.springframework.test.context.support.DirtiesContextTestExecutionListener, org.springframework.test.context.transaction.TransactionalTestExecutionListener, org.springframework.test.context.jdbc.SqlScriptsTestExecutionListener]
10:55:08.644 [Test worker] INFO org.springframework.boot.test.context.SpringBootTestContextBootstrapper - Could not instantiate TestExecutionListener [org.springframework.test.context.jdbc.SqlScriptsTestExecutionListener]. Specify custom listener classes or make the default listener classes (and their required dependencies) available. Offending class: [org/springframework/transaction/interceptor/TransactionAttribute]
10:55:08.645 [Test worker] INFO org.springframework.boot.test.context.SpringBootTestContextBootstrapper - Could not instantiate TestExecutionListener [org.springframework.test.context.transaction.TransactionalTestExecutionListener]. Specify custom listener classes or make the default listener classes (and their required dependencies) available. Offending class: [org/springframework/transaction/interceptor/TransactionAttributeSource]
10:55:08.647 [Test worker] INFO org.springframework.boot.test.context.SpringBootTestContextBootstrapper - Using TestExecutionListeners: [org.springframework.test.context.web.ServletTestExecutionListener@7e41271e, org.springframework.test.context.support.DirtiesContextBeforeModesTestExecutionListener@43b255f7, org.springframework.boot.test.autoconfigure.AutoConfigureReportTestExecutionListener@2b18a0b0, org.springframework.test.context.support.DependencyInjectionTestExecutionListener@2e8e68e1, org.springframework.test.context.support.DirtiesContextTestExecutionListener@5900d3f9, org.springframework.boot.test.autoconfigure.web.client.MockRestServiceServerResetTestExecutionListener@8cc28c3, org.springframework.boot.test.autoconfigure.restdocs.RestDocsTestExecutionListener@66bf044a, org.springframework.boot.test.mock.mockito.ResetMocksTestExecutionListener@3babb11c, org.springframework.boot.test.mock.mockito.MockitoTestExecutionListener@646b328b]
10:55:08.649 [Test worker] DEBUG org.springframework.test.annotation.ProfileValueUtils - Retrieved @ProfileValueSourceConfiguration [null] for test class [com.walker.matthew.springboot.rpm.DemoApplicationTests]
10:55:08.650 [Test worker] DEBUG org.springframework.test.annotation.ProfileValueUtils - Retrieved ProfileValueSource type [class org.springframework.test.annotation.SystemProfileValueSource] for class [com.walker.matthew.springboot.rpm.DemoApplicationTests]
10:55:08.650 [Test worker] DEBUG org.springframework.test.annotation.ProfileValueUtils - Retrieved @ProfileValueSourceConfiguration [null] for test class [com.walker.matthew.springboot.rpm.DemoApplicationTests]
10:55:08.650 [Test worker] DEBUG org.springframework.test.annotation.ProfileValueUtils - Retrieved ProfileValueSource type [class org.springframework.test.annotation.SystemProfileValueSource] for class [com.walker.matthew.springboot.rpm.DemoApplicationTests]
10:55:08.654 [Test worker] DEBUG org.springframework.test.context.support.AbstractDirtiesContextTestExecutionListener - Before test class: context [DefaultTestContext@662288e testClass = DemoApplicationTests, testInstance = [null], testMethod = [null], testException = [null], mergedContextConfiguration = [WebMergedContextConfiguration@5a42878 testClass = DemoApplicationTests, locations = '{}', classes = '{class com.walker.matthew.springboot.rpm.SpringBootRPMApplication}', contextInitializerClasses = '[]', activeProfiles = '{}', propertySourceLocations = '{}', propertySourceProperties = '{org.springframework.boot.test.context.SpringBootTestContextBootstrapper=true}', contextCustomizers = set[org.springframework.boot.test.context.SpringBootTestContextCustomizer@b276cb6, org.springframework.boot.test.context.filter.ExcludeFilterContextCustomizer@2633c455, org.springframework.boot.test.mock.mockito.MockitoContextCustomizer@0, org.springframework.boot.test.autoconfigure.properties.PropertyMappingContextCustomizer@0], resourceBasePath = 'src/main/webapp', contextLoader = 'org.springframework.boot.test.context.SpringBootContextLoader', parent = [null]]], class annotated with @DirtiesContext [false] with mode [null].
10:55:08.654 [Test worker] DEBUG org.springframework.test.annotation.ProfileValueUtils - Retrieved @ProfileValueSourceConfiguration [null] for test class [com.walker.matthew.springboot.rpm.DemoApplicationTests]
10:55:08.655 [Test worker] DEBUG org.springframework.test.annotation.ProfileValueUtils - Retrieved ProfileValueSource type [class org.springframework.test.annotation.SystemProfileValueSource] for class [com.walker.matthew.springboot.rpm.DemoApplicationTests]
10:55:08.674 [Test worker] DEBUG org.springframework.core.env.StandardEnvironment - Adding [systemProperties] PropertySource with lowest search precedence
10:55:08.674 [Test worker] DEBUG org.springframework.core.env.StandardEnvironment - Adding [systemEnvironment] PropertySource with lowest search precedence
10:55:08.674 [Test worker] DEBUG org.springframework.core.env.StandardEnvironment - Initialized StandardEnvironment with PropertySources [systemProperties,systemEnvironment]
10:55:08.675 [Test worker] DEBUG org.springframework.test.context.support.TestPropertySourceUtils - Adding inlined properties to environment: {spring.jmx.enabled=false, org.springframework.boot.test.context.SpringBootTestContextBootstrapper=true, server.port=-1}
10:55:08.675 [Test worker] DEBUG org.springframework.core.env.StandardEnvironment - Adding [Inlined Test Properties] PropertySource with highest search precedence

  .   ____          _            __ _ _
 /\\ / ___'_ __ _ _(_)_ __  __ _ \ \ \ \
( ( )\___ | '_ | '_| | '_ \/ _` | \ \ \ \
 \\/  ___)| |_)| | | | | || (_| |  ) ) ) )
  '  |____| .__|_| |_|_| |_\__, | / / / /
 =========|_|==============|___/=/_/_/_/
 :: Spring Boot ::        (v1.4.0.RELEASE)

2016-08-04 10:55:08.953  INFO 7329 --- [    Test worker] c.w.m.s.rpm.DemoApplicationTests         : Starting DemoApplicationTests on OSTML0253700 with PID 7329 (started by mwa51 in /Users/mwa51/Development/Learning/SpringBootRPM)
2016-08-04 10:55:08.954  INFO 7329 --- [    Test worker] c.w.m.s.rpm.DemoApplicationTests         : No active profile set, falling back to default profiles: default
2016-08-04 10:55:08.983  INFO 7329 --- [    Test worker] o.s.w.c.s.GenericWebApplicationContext   : Refreshing org.springframework.web.context.support.GenericWebApplicationContext@715c51c2: startup date [Thu Aug 04 10:55:08 BST 2016]; root of context hierarchy
2016-08-04 10:55:10.048  INFO 7329 --- [    Test worker] s.w.s.m.m.a.RequestMappingHandlerAdapter : Looking for @ControllerAdvice: org.springframework.web.context.support.GenericWebApplicationContext@715c51c2: startup date [Thu Aug 04 10:55:08 BST 2016]; root of context hierarchy
2016-08-04 10:55:10.093  INFO 7329 --- [    Test worker] s.w.s.m.m.a.RequestMappingHandlerMapping : Mapped "{[]}" onto public java.lang.String com.walker.matthew.springboot.rpm.controller.GreetingController.hello()
2016-08-04 10:55:10.095  INFO 7329 --- [    Test worker] s.w.s.m.m.a.RequestMappingHandlerMapping : Mapped "{[/error]}" onto public org.springframework.http.ResponseEntity<java.util.Map<java.lang.String, java.lang.Object>> org.springframework.boot.autoconfigure.web.BasicErrorController.error(javax.servlet.http.HttpServletRequest)
2016-08-04 10:55:10.096  INFO 7329 --- [    Test worker] s.w.s.m.m.a.RequestMappingHandlerMapping : Mapped "{[/error],produces=[text/html]}" onto public org.springframework.web.servlet.ModelAndView org.springframework.boot.autoconfigure.web.BasicErrorController.errorHtml(javax.servlet.http.HttpServletRequest,javax.servlet.http.HttpServletResponse)
2016-08-04 10:55:10.120  INFO 7329 --- [    Test worker] o.s.w.s.handler.SimpleUrlHandlerMapping  : Mapped URL path [/webjars/**] onto handler of type [class org.springframework.web.servlet.resource.ResourceHttpRequestHandler]
2016-08-04 10:55:10.120  INFO 7329 --- [    Test worker] o.s.w.s.handler.SimpleUrlHandlerMapping  : Mapped URL path [/**] onto handler of type [class org.springframework.web.servlet.resource.ResourceHttpRequestHandler]
2016-08-04 10:55:10.148  INFO 7329 --- [    Test worker] o.s.w.s.handler.SimpleUrlHandlerMapping  : Mapped URL path [/**/favicon.ico] onto handler of type [class org.springframework.web.servlet.resource.ResourceHttpRequestHandler]
2016-08-04 10:55:10.269  INFO 7329 --- [    Test worker] c.w.m.s.rpm.DemoApplicationTests         : Started DemoApplicationTests in 1.586 seconds (JVM running for 2.392)
]]></system-out>
  <system-err><![CDATA[]]></system-err>
</testsuite>
